29.07.2019 18:44:57	This log contains information about the import schema operation into project 'projektnagit' on computer 'PK5-10' by user 'n.helinska'.
29.07.2019 18:44:58	Import of database schema has started.
29.07.2019 18:45:04	Gathering database credentials
29.07.2019 18:45:04	Gathering database options
29.07.2019 18:45:04	Gathering generic database scoped configuration option
29.07.2019 18:45:04	Gathering users
29.07.2019 18:45:04	Gathering roles
29.07.2019 18:45:04	Gathering application roles
29.07.2019 18:45:04	Gathering role memberships
29.07.2019 18:45:04	Gathering filegroups
29.07.2019 18:45:04	Gathering full-text catalogs
29.07.2019 18:45:04	Gathering assemblies
29.07.2019 18:45:04	Gathering certificates
29.07.2019 18:45:04	Gathering asymmetric keys
29.07.2019 18:45:04	Gathering symmetric keys
29.07.2019 18:45:04	Gathering encrypted symmetric keys
29.07.2019 18:45:04	Gathering schemas
29.07.2019 18:45:04	Gathering XML schema collections
29.07.2019 18:45:04	Gathering user-defined data types
29.07.2019 18:45:04	Gathering user-defined types
29.07.2019 18:45:04	Gathering table types
29.07.2019 18:45:04	Gathering unique keys for table types
29.07.2019 18:45:04	Gathering primary keys for table types
29.07.2019 18:45:04	Gathering indexes for table types
29.07.2019 18:45:04	Gathering check constraints for table types
29.07.2019 18:45:04	Gathering default constraints for table types
29.07.2019 18:45:04	Gathering partition functions
29.07.2019 18:45:04	Gathering partition schemes
29.07.2019 18:45:04	Gathering functions
29.07.2019 18:45:04	Gathering encrypted functions
29.07.2019 18:45:04	Gathering aggregates
29.07.2019 18:45:04	Gathering procedures
29.07.2019 18:45:04	Gathering encrypted procedures
29.07.2019 18:45:04	Gathering tables
29.07.2019 18:45:04	Gathering primary keys
29.07.2019 18:45:04	Gathering unique constraints
29.07.2019 18:45:04	Gathering foreign keys
29.07.2019 18:45:04	Gathering default constraints
29.07.2019 18:45:04	Gathering check constraints
29.07.2019 18:45:04	Gathering views
29.07.2019 18:45:04	Gathering encrypted views
29.07.2019 18:45:04	Gathering indexes
29.07.2019 18:45:04	Gathering statistics
29.07.2019 18:45:04	Gathering full-text index stoplists
29.07.2019 18:45:04	Gathering search property lists
29.07.2019 18:45:04	Gathering search properties
29.07.2019 18:45:04	Gathering full-text indexes
29.07.2019 18:45:04	Gathering column store indexes
29.07.2019 18:45:04	Gathering spatial indexes
29.07.2019 18:45:04	Gathering XML indexes
29.07.2019 18:45:04	Gathering Selective XML indexes
29.07.2019 18:45:04	Gathering encrypted triggers
29.07.2019 18:45:04	Gathering triggers
29.07.2019 18:45:04	Gathering encrypted and clr ddl triggers
29.07.2019 18:45:04	Gathering ddl triggers
29.07.2019 18:45:04	Gathering synonyms
29.07.2019 18:45:04	Gathering defaults
29.07.2019 18:45:04	Gathering data constraint uddt bindings
29.07.2019 18:45:04	Gathering rules
29.07.2019 18:45:04	Gathering data constraint uddt bindings
29.07.2019 18:45:04	Gathering message types
29.07.2019 18:45:04	Gathering queues
29.07.2019 18:45:04	Gathering contracts
29.07.2019 18:45:04	Gathering services
29.07.2019 18:45:04	Gathering event notifications
29.07.2019 18:45:04	Gathering remote service bindings
29.07.2019 18:45:04	Gathering broker priorities
29.07.2019 18:45:04	Gathering signatures
29.07.2019 18:45:04	Gathering data compression options
29.07.2019 18:45:04	Gathering sequence types
29.07.2019 18:45:04	Gathering security policies
29.07.2019 18:45:04	Gather column encryption keys
29.07.2019 18:45:04	Gathering column master keys
29.07.2019 18:45:04	Gathering external data sources
29.07.2019 18:45:04	Gathering external file formats
29.07.2019 18:45:04	Gathering external tables
29.07.2019 18:45:04	Gathering extended properties
29.07.2019 18:45:04	Gathering credentials
29.07.2019 18:45:04	Gathering logins
29.07.2019 18:45:04	Gathering server audits
29.07.2019 18:45:04	Scanning project for duplicate elements
29.07.2019 18:45:04	Finished duplicate element processing
29.07.2019 18:45:04	Finished importing database.
29.07.2019 18:45:04	A summary of the import was saved to the following location: D:\Users\n.helinska\Source\Repos\nhelinska\nh2019\projektnagit\projektnagit\Import Schema Logs\projektnagit_20190729044457.log
29.07.2019 18:45:04	Click Finish to continue...
